<?xml version="1.0" encoding="UTF-8"?>
<!-- Generated by org.testng.reporters.JUnitReportReporter -->
<testsuite hostname="DESKTOP-IVCEMNE" failures="0" tests="1" name="rahulshettyacademy.tests.SubmitOrderTest" time="18.567" errors="0" timestamp="2025-08-29T20:25:43 IST" skipped="0">
  <testcase classname="rahulshettyacademy.tests.SubmitOrderTest" name="submitOrder" time="18.567"/>
</testsuite> <!-- rahulshettyacademy.tests.SubmitOrderTest -->
